2021-11-19 19:02:16,847:INFO:Initializing create_model()
2021-11-19 19:02:16,847:INFO:create_model(estimator=kmeans, num_clusters=4, fraction=0.05, ground_truth=None, round=4, fit_kwargs=None, verbose=False, system=True, add_to_model_list=True, raise_num_clusters=False, display=None, kwargs={})
2021-11-19 19:02:16,847:INFO:Checking exceptions
2021-11-19 19:03:13,011:INFO:Initializing create_model()
2021-11-19 19:03:13,011:INFO:create_model(estimator=kmeans, num_clusters=4, fraction=0.05, ground_truth=None, round=4, fit_kwargs=None, verbose=False, system=True, add_to_model_list=True, raise_num_clusters=False, display=None, kwargs={})
2021-11-19 19:03:13,011:INFO:Checking exceptions
2021-11-19 19:03:46,991:INFO:Initializing create_model()
2021-11-19 19:03:46,991:INFO:create_model(estimator=kmeans, num_clusters=4, fraction=0.05, ground_truth=None, round=4, fit_kwargs=None, verbose=False, system=True, add_to_model_list=True, raise_num_clusters=False, display=None, kwargs={})
2021-11-19 19:03:46,991:INFO:Checking exceptions
2021-11-19 19:05:11,832:INFO:Initializing create_model()
2021-11-19 19:05:11,832:INFO:create_model(estimator=kmeans, num_clusters=4, fraction=0.05, ground_truth=None, round=4, fit_kwargs=None, verbose=False, system=True, add_to_model_list=True, raise_num_clusters=False, display=None, kwargs={})
2021-11-19 19:05:11,832:INFO:Checking exceptions
2021-11-19 19:05:48,769:INFO:PyCaret Supervised Module
2021-11-19 19:05:48,769:INFO:ML Usecase: clustering
2021-11-19 19:05:48,769:INFO:version 2.3.4
2021-11-19 19:05:48,769:INFO:Initializing setup()
2021-11-19 19:05:48,769:INFO:setup(target=None, ml_usecase=clustering, available_plots={'cluster': 'Cluster PCA Plot (2d)', 'tsne': 'Cluster TSnE (3d)', 'elbow': 'Elbow', 'silhouette': 'Silhouette', 'distance': 'Distance', 'distribution': 'Distribution'}, train_size=0.7, test_data=None, preprocess=True, imputation_type=simple, iterative_imputation_iters=5, categorical_features=None, categorical_imputation=mode, categorical_iterative_imputer=lightgbm, ordinal_features=None, high_cardinality_features=None, high_cardinality_method=frequency, numeric_features=None, numeric_imputation=mean, numeric_iterative_imputer=lightgbm, date_features=None, ignore_features=None, normalize=False, normalize_method=zscore, transformation=False, transformation_method=yeo-johnson, handle_unknown_categorical=True, unknown_categorical_method=least_frequent, pca=False, pca_method=linear, pca_components=None, ignore_low_variance=False, combine_rare_levels=False, rare_level_threshold=0.1, bin_numeric_features=None, remove_outliers=False, outliers_threshold=0.05, remove_multicollinearity=False, multicollinearity_threshold=0.9, remove_perfect_collinearity=False, create_clusters=False, cluster_iter=20, polynomial_features=False, polynomial_degree=2, trigonometry_features=False, polynomial_threshold=0.1, group_features=None, group_names=None, feature_selection=False, feature_selection_threshold=0.8, feature_selection_method=classic, feature_interaction=False, feature_ratio=False, interaction_threshold=0.01, fix_imbalance=False, fix_imbalance_method=None, transform_target=False, transform_target_method=box-cox, data_split_shuffle=False, data_split_stratify=False, fold_strategy=kfold, fold=10, fold_shuffle=False, fold_groups=None, n_jobs=-1, use_gpu=False, custom_pipeline=None, html=True, session_id=None, log_experiment=False, experiment_name=None, log_plots=False, log_profile=False, log_data=False, silent=True, verbose=False, profile=False, profile_kwargs=None, display=None)
2021-11-19 19:05:48,769:INFO:Checking environment
2021-11-19 19:05:48,769:INFO:python_version: 3.8.3
2021-11-19 19:05:48,769:INFO:python_build: ('tags/v3.8.3:6f8c832', 'May 13 2020 22:37:02')
2021-11-19 19:05:48,769:INFO:machine: AMD64
2021-11-19 19:05:48,769:INFO:platform: Windows-10-10.0.22000-SP0
2021-11-19 19:05:48,769:WARNING:cannot find psutil installation. memory not traceable. Install psutil using pip to enable memory logging.
2021-11-19 19:05:48,769:INFO:Checking libraries
2021-11-19 19:05:48,769:INFO:pd==1.3.3
2021-11-19 19:05:48,769:INFO:numpy==1.19.5
2021-11-19 19:05:48,769:INFO:sklearn==0.23.2
2021-11-19 19:05:48,769:INFO:lightgbm==3.3.1
2021-11-19 19:05:48,769:WARNING:catboost not found
2021-11-19 19:05:48,769:WARNING:xgboost not found
2021-11-19 19:05:49,587:INFO:mlflow==1.21.0
2021-11-19 19:05:49,587:INFO:Checking Exceptions
2021-11-19 19:05:49,587:INFO:Declaring global variables
2021-11-19 19:05:49,587:INFO:USI: 2f14
2021-11-19 19:05:49,587:INFO:pycaret_globals: {'fold_generator', 'pycaret_globals', 'seed', 'transform_target_method_param', 'imputation_regressor', 'master_model_container', 'gpu_param', '_ml_usecase', 'fix_imbalance_method_param', 'fold_groups_param_full', 'display_container', '_available_plots', 'exp_name_log', 'target_param', 'prep_pipe', 'USI', '_internal_pipeline', 'fold_shuffle_param', 'data_before_preprocess', 'fold_groups_param', '_gpu_n_jobs_param', '_all_models', 'html_param', 'fix_imbalance_param', '_all_metrics', 'log_plots_param', 'logging_param', 'n_jobs_param', 'stratify_param', 'experiment__', 'iterative_imputation_iters_param', '_all_models_internal', 'create_model_container', 'imputation_classifier', 'fold_param', 'transform_target_param', 'X'}
2021-11-19 19:05:49,587:INFO:Preparing display monitor
2021-11-19 19:05:49,587:INFO:Importing libraries
2021-11-19 19:05:49,587:INFO:Copying data for preprocessing
2021-11-19 19:05:49,587:INFO:Declaring preprocessing parameters
2021-11-19 19:05:49,602:INFO:Creating preprocessing pipeline
2021-11-19 19:05:49,618:INFO:Preprocessing pipeline created successfully
2021-11-19 19:05:49,618:ERROR:(Process Exit): setup has been interupted with user command 'quit'. setup must rerun.
2021-11-19 19:05:49,618:INFO:Creating global containers
2021-11-19 19:05:49,618:INFO:Internal pipeline: Pipeline(memory=None, steps=[('empty_step', 'passthrough')], verbose=False)
2021-11-19 19:05:49,806:INFO:Creating grid variables
2021-11-19 19:05:49,822:INFO:create_model_container: 0
2021-11-19 19:05:49,822:INFO:master_model_container: 0
2021-11-19 19:05:49,822:INFO:display_container: 1
2021-11-19 19:05:49,822:INFO:Pipeline(memory=None,
         steps=[('dtypes',
                 DataTypes_Auto_infer(categorical_features=[],
                                      display_types=False, features_todrop=[],
                                      id_columns=[], ml_usecase='regression',
                                      numerical_features=[],
                                      target='UNSUPERVISED_DUMMY_TARGET',
                                      time_features=[])),
                ('imputer',
                 Simple_Imputer(categorical_strategy='most frequent',
                                fill_value_categorical=None,
                                fill_value_numerical=Non...
                ('scaling', 'passthrough'), ('P_transform', 'passthrough'),
                ('binn', 'passthrough'), ('rem_outliers', 'passthrough'),
                ('cluster_all', 'passthrough'),
                ('dummy', Dummify(target='UNSUPERVISED_DUMMY_TARGET')),
                ('fix_perfect', 'passthrough'),
                ('clean_names', Clean_Colum_Names()),
                ('feature_select', 'passthrough'), ('fix_multi', 'passthrough'),
                ('dfs', 'passthrough'), ('pca', 'passthrough')],
         verbose=False)
2021-11-19 19:05:49,822:INFO:setup() succesfully completed......................................
2021-11-19 19:05:49,885:INFO:Initializing create_model()
2021-11-19 19:05:49,885:INFO:create_model(estimator=kmeans, num_clusters=4, fraction=0.05, ground_truth=None, round=4, fit_kwargs=None, verbose=False, system=True, add_to_model_list=True, raise_num_clusters=False, display=None, kwargs={})
2021-11-19 19:05:49,885:INFO:Checking exceptions
2021-11-19 19:05:49,885:INFO:Importing libraries
2021-11-19 19:05:49,885:INFO:Importing untrained model
2021-11-19 19:05:49,885:INFO:K-Means Clustering Imported succesfully
2021-11-19 19:05:49,885:INFO:Fitting Model
2021-11-19 19:05:51,674:INFO:KMeans(algorithm='auto', copy_x=True, init='k-means++', max_iter=300,
       n_clusters=4, n_init=10, n_jobs=-1, precompute_distances='deprecated',
       random_state=7514, tol=0.0001, verbose=0)
2021-11-19 19:05:51,675:INFO:create_models() succesfully completed......................................
2021-11-19 19:05:51,675:INFO:Uploading results into container
2021-11-19 19:05:51,679:INFO:Uploading model into container now
2021-11-19 19:05:51,680:INFO:create_model_container: 1
2021-11-19 19:05:51,680:INFO:master_model_container: 1
2021-11-19 19:05:51,680:INFO:display_container: 2
2021-11-19 19:05:51,680:INFO:KMeans(algorithm='auto', copy_x=True, init='k-means++', max_iter=300,
       n_clusters=4, n_init=10, n_jobs=-1, precompute_distances='deprecated',
       random_state=7514, tol=0.0001, verbose=0)
2021-11-19 19:05:51,680:INFO:create_model() succesfully completed......................................
2021-11-19 19:05:51,774:INFO:Initializing plot_model()
2021-11-19 19:05:51,774:INFO:plot_model(fold=None, use_train_data=False, verbose=True, is_in_evaluate=False, display=None, display_format=None, estimator=KMeans(algorithm='auto', copy_x=True, init='k-means++', max_iter=300,
       n_clusters=4, n_init=10, n_jobs=-1, precompute_distances='deprecated',
       random_state=7514, tol=0.0001, verbose=0), feature_name=None, fit_kwargs=None, groups=None, label=False, plot=elbow, save=True, scale=1, system=True)
2021-11-19 19:05:51,774:INFO:Checking exceptions
2021-11-19 19:05:51,774:INFO:Preparing display monitor
2021-11-19 19:05:51,790:INFO:Preloading libraries
2021-11-19 19:05:51,790:INFO:Copying training dataset
2021-11-19 19:05:51,796:INFO:Plot type: elbow
2021-11-19 19:05:52,135:INFO:Fitting Model
2021-11-19 19:06:08,135:INFO:Saving 'Elbow.png'
2021-11-19 19:06:08,372:INFO:Visual Rendered Successfully
2021-11-19 19:06:08,454:INFO:plot_model() succesfully completed......................................
2021-11-19 19:50:25,524:INFO:PyCaret Supervised Module
2021-11-19 19:50:25,546:INFO:ML Usecase: clustering
2021-11-19 19:50:25,546:INFO:version 2.3.4
2021-11-19 19:50:25,546:INFO:Initializing setup()
2021-11-19 19:50:25,546:INFO:setup(target=None, ml_usecase=clustering, available_plots={'cluster': 'Cluster PCA Plot (2d)', 'tsne': 'Cluster TSnE (3d)', 'elbow': 'Elbow', 'silhouette': 'Silhouette', 'distance': 'Distance', 'distribution': 'Distribution'}, train_size=0.7, test_data=None, preprocess=True, imputation_type=simple, iterative_imputation_iters=5, categorical_features=None, categorical_imputation=mode, categorical_iterative_imputer=lightgbm, ordinal_features=None, high_cardinality_features=None, high_cardinality_method=frequency, numeric_features=None, numeric_imputation=mean, numeric_iterative_imputer=lightgbm, date_features=None, ignore_features=None, normalize=False, normalize_method=zscore, transformation=False, transformation_method=yeo-johnson, handle_unknown_categorical=True, unknown_categorical_method=least_frequent, pca=False, pca_method=linear, pca_components=None, ignore_low_variance=False, combine_rare_levels=False, rare_level_threshold=0.1, bin_numeric_features=None, remove_outliers=False, outliers_threshold=0.05, remove_multicollinearity=False, multicollinearity_threshold=0.9, remove_perfect_collinearity=False, create_clusters=False, cluster_iter=20, polynomial_features=False, polynomial_degree=2, trigonometry_features=False, polynomial_threshold=0.1, group_features=None, group_names=None, feature_selection=False, feature_selection_threshold=0.8, feature_selection_method=classic, feature_interaction=False, feature_ratio=False, interaction_threshold=0.01, fix_imbalance=False, fix_imbalance_method=None, transform_target=False, transform_target_method=box-cox, data_split_shuffle=False, data_split_stratify=False, fold_strategy=kfold, fold=10, fold_shuffle=False, fold_groups=None, n_jobs=-1, use_gpu=False, custom_pipeline=None, html=True, session_id=None, log_experiment=False, experiment_name=None, log_plots=False, log_profile=False, log_data=False, silent=True, verbose=False, profile=False, profile_kwargs=None, display=None)
2021-11-19 19:50:25,546:INFO:Checking environment
2021-11-19 19:50:25,546:INFO:python_version: 3.8.3
2021-11-19 19:50:25,546:INFO:python_build: ('tags/v3.8.3:6f8c832', 'May 13 2020 22:37:02')
2021-11-19 19:50:25,546:INFO:machine: AMD64
2021-11-19 19:50:25,546:INFO:platform: Windows-10-10.0.22000-SP0
2021-11-19 19:50:25,547:WARNING:cannot find psutil installation. memory not traceable. Install psutil using pip to enable memory logging.
2021-11-19 19:50:25,547:INFO:Checking libraries
2021-11-19 19:50:25,547:INFO:pd==1.3.3
2021-11-19 19:50:25,547:INFO:numpy==1.19.5
2021-11-19 19:50:25,547:INFO:sklearn==0.23.2
2021-11-19 19:50:25,547:INFO:lightgbm==3.3.1
2021-11-19 19:50:25,548:WARNING:catboost not found
2021-11-19 19:50:25,548:WARNING:xgboost not found
2021-11-19 19:50:26,112:INFO:mlflow==1.21.0
2021-11-19 19:50:26,112:INFO:Checking Exceptions
2021-11-19 19:50:26,113:INFO:Declaring global variables
2021-11-19 19:50:26,113:INFO:USI: 9c08
2021-11-19 19:50:26,113:INFO:pycaret_globals: {'n_jobs_param', 'fold_param', 'seed', 'fix_imbalance_method_param', 'prep_pipe', 'fold_groups_param', 'imputation_classifier', '_ml_usecase', 'display_container', 'USI', 'transform_target_method_param', 'stratify_param', 'pycaret_globals', 'exp_name_log', 'iterative_imputation_iters_param', 'master_model_container', '_all_metrics', 'html_param', '_available_plots', 'experiment__', 'data_before_preprocess', 'fold_shuffle_param', 'transform_target_param', 'gpu_param', 'imputation_regressor', 'logging_param', '_all_models_internal', 'create_model_container', '_gpu_n_jobs_param', '_internal_pipeline', 'X', 'target_param', 'fold_generator', '_all_models', 'fix_imbalance_param', 'fold_groups_param_full', 'log_plots_param'}
2021-11-19 19:50:26,113:INFO:Preparing display monitor
2021-11-19 19:50:26,113:INFO:Importing libraries
2021-11-19 19:50:26,113:INFO:Copying data for preprocessing
2021-11-19 19:50:26,114:INFO:Declaring preprocessing parameters
2021-11-19 19:50:26,125:INFO:Creating preprocessing pipeline
2021-11-19 19:50:26,135:INFO:Preprocessing pipeline created successfully
2021-11-19 19:50:26,136:ERROR:(Process Exit): setup has been interupted with user command 'quit'. setup must rerun.
2021-11-19 19:50:26,136:INFO:Creating global containers
2021-11-19 19:50:26,137:INFO:Internal pipeline: Pipeline(memory=None, steps=[('empty_step', 'passthrough')], verbose=False)
2021-11-19 19:50:26,224:INFO:Creating grid variables
2021-11-19 19:50:26,226:INFO:create_model_container: 0
2021-11-19 19:50:26,226:INFO:master_model_container: 0
2021-11-19 19:50:26,226:INFO:display_container: 1
2021-11-19 19:50:26,230:INFO:Pipeline(memory=None,
         steps=[('dtypes',
                 DataTypes_Auto_infer(categorical_features=[],
                                      display_types=False, features_todrop=[],
                                      id_columns=[], ml_usecase='regression',
                                      numerical_features=[],
                                      target='UNSUPERVISED_DUMMY_TARGET',
                                      time_features=[])),
                ('imputer',
                 Simple_Imputer(categorical_strategy='most frequent',
                                fill_value_categorical=None,
                                fill_value_numerical=Non...
                ('scaling', 'passthrough'), ('P_transform', 'passthrough'),
                ('binn', 'passthrough'), ('rem_outliers', 'passthrough'),
                ('cluster_all', 'passthrough'),
                ('dummy', Dummify(target='UNSUPERVISED_DUMMY_TARGET')),
                ('fix_perfect', 'passthrough'),
                ('clean_names', Clean_Colum_Names()),
                ('feature_select', 'passthrough'), ('fix_multi', 'passthrough'),
                ('dfs', 'passthrough'), ('pca', 'passthrough')],
         verbose=False)
2021-11-19 19:50:26,230:INFO:setup() succesfully completed......................................
2021-11-19 19:50:26,283:INFO:Initializing create_model()
2021-11-19 19:50:26,283:INFO:create_model(estimator=kmeans, num_clusters=4, fraction=0.05, ground_truth=None, round=4, fit_kwargs=None, verbose=False, system=True, add_to_model_list=True, raise_num_clusters=False, display=None, kwargs={})
2021-11-19 19:50:26,283:INFO:Checking exceptions
2021-11-19 19:50:26,283:INFO:Importing libraries
2021-11-19 19:50:26,283:INFO:Importing untrained model
2021-11-19 19:50:26,284:INFO:K-Means Clustering Imported succesfully
2021-11-19 19:50:26,284:INFO:Fitting Model
2021-11-19 19:50:26,346:INFO:KMeans(algorithm='auto', copy_x=True, init='k-means++', max_iter=300,
       n_clusters=4, n_init=10, n_jobs=-1, precompute_distances='deprecated',
       random_state=1077, tol=0.0001, verbose=0)
2021-11-19 19:50:26,346:INFO:create_models() succesfully completed......................................
2021-11-19 19:50:26,346:INFO:Uploading results into container
2021-11-19 19:50:26,349:INFO:Uploading model into container now
2021-11-19 19:50:26,349:INFO:create_model_container: 1
2021-11-19 19:50:26,349:INFO:master_model_container: 1
2021-11-19 19:50:26,349:INFO:display_container: 2
2021-11-19 19:50:26,349:INFO:KMeans(algorithm='auto', copy_x=True, init='k-means++', max_iter=300,
       n_clusters=4, n_init=10, n_jobs=-1, precompute_distances='deprecated',
       random_state=1077, tol=0.0001, verbose=0)
2021-11-19 19:50:26,349:INFO:create_model() succesfully completed......................................
2021-11-19 19:50:26,403:INFO:Initializing plot_model()
2021-11-19 19:50:26,403:INFO:plot_model(fold=None, use_train_data=False, verbose=True, is_in_evaluate=False, display=None, display_format=None, estimator=KMeans(algorithm='auto', copy_x=True, init='k-means++', max_iter=300,
       n_clusters=4, n_init=10, n_jobs=-1, precompute_distances='deprecated',
       random_state=1077, tol=0.0001, verbose=0), feature_name=None, fit_kwargs=None, groups=None, label=False, plot=elbow, save=True, scale=1, system=True)
2021-11-19 19:50:26,403:INFO:Checking exceptions
2021-11-19 19:50:26,403:INFO:Preparing display monitor
2021-11-19 19:50:26,407:INFO:Preloading libraries
2021-11-19 19:50:26,407:INFO:Copying training dataset
2021-11-19 19:50:26,408:INFO:Plot type: elbow
2021-11-19 19:50:26,647:INFO:Fitting Model
2021-11-19 19:50:27,197:INFO:Saving 'Elbow.png'
2021-11-19 19:50:27,367:INFO:Visual Rendered Successfully
2021-11-19 19:50:27,428:INFO:plot_model() succesfully completed......................................
2021-11-19 19:51:06,871:INFO:PyCaret Supervised Module
2021-11-19 19:51:06,871:INFO:ML Usecase: clustering
2021-11-19 19:51:06,871:INFO:version 2.3.4
2021-11-19 19:51:06,871:INFO:Initializing setup()
2021-11-19 19:51:06,871:INFO:setup(target=None, ml_usecase=clustering, available_plots={'cluster': 'Cluster PCA Plot (2d)', 'tsne': 'Cluster TSnE (3d)', 'elbow': 'Elbow', 'silhouette': 'Silhouette', 'distance': 'Distance', 'distribution': 'Distribution'}, train_size=0.7, test_data=None, preprocess=True, imputation_type=simple, iterative_imputation_iters=5, categorical_features=None, categorical_imputation=mode, categorical_iterative_imputer=lightgbm, ordinal_features=None, high_cardinality_features=None, high_cardinality_method=frequency, numeric_features=None, numeric_imputation=mean, numeric_iterative_imputer=lightgbm, date_features=None, ignore_features=None, normalize=False, normalize_method=zscore, transformation=False, transformation_method=yeo-johnson, handle_unknown_categorical=True, unknown_categorical_method=least_frequent, pca=False, pca_method=linear, pca_components=None, ignore_low_variance=False, combine_rare_levels=False, rare_level_threshold=0.1, bin_numeric_features=None, remove_outliers=False, outliers_threshold=0.05, remove_multicollinearity=False, multicollinearity_threshold=0.9, remove_perfect_collinearity=False, create_clusters=False, cluster_iter=20, polynomial_features=False, polynomial_degree=2, trigonometry_features=False, polynomial_threshold=0.1, group_features=None, group_names=None, feature_selection=False, feature_selection_threshold=0.8, feature_selection_method=classic, feature_interaction=False, feature_ratio=False, interaction_threshold=0.01, fix_imbalance=False, fix_imbalance_method=None, transform_target=False, transform_target_method=box-cox, data_split_shuffle=False, data_split_stratify=False, fold_strategy=kfold, fold=10, fold_shuffle=False, fold_groups=None, n_jobs=-1, use_gpu=False, custom_pipeline=None, html=True, session_id=None, log_experiment=False, experiment_name=None, log_plots=False, log_profile=False, log_data=False, silent=True, verbose=False, profile=False, profile_kwargs=None, display=None)
2021-11-19 19:51:06,871:INFO:Checking environment
2021-11-19 19:51:06,871:INFO:python_version: 3.8.3
2021-11-19 19:51:06,871:INFO:python_build: ('tags/v3.8.3:6f8c832', 'May 13 2020 22:37:02')
2021-11-19 19:51:06,871:INFO:machine: AMD64
2021-11-19 19:51:06,871:INFO:platform: Windows-10-10.0.22000-SP0
2021-11-19 19:51:06,871:WARNING:cannot find psutil installation. memory not traceable. Install psutil using pip to enable memory logging.
2021-11-19 19:51:06,871:INFO:Checking libraries
2021-11-19 19:51:06,871:INFO:pd==1.3.3
2021-11-19 19:51:06,871:INFO:numpy==1.19.5
2021-11-19 19:51:06,871:INFO:sklearn==0.23.2
2021-11-19 19:51:06,871:INFO:lightgbm==3.3.1
2021-11-19 19:51:06,871:WARNING:catboost not found
2021-11-19 19:51:06,871:WARNING:xgboost not found
2021-11-19 19:51:07,261:INFO:mlflow==1.21.0
2021-11-19 19:51:07,261:INFO:Checking Exceptions
2021-11-19 19:51:07,261:INFO:Declaring global variables
2021-11-19 19:51:07,261:INFO:USI: 9eb9
2021-11-19 19:51:07,261:INFO:pycaret_globals: {'_all_metrics', '_gpu_n_jobs_param', 'prep_pipe', 'n_jobs_param', '_all_models_internal', 'fix_imbalance_param', 'html_param', 'transform_target_method_param', 'target_param', 'data_before_preprocess', 'master_model_container', 'fold_generator', 'logging_param', 'stratify_param', 'log_plots_param', 'seed', '_all_models', 'X', '_available_plots', 'display_container', 'transform_target_param', 'imputation_classifier', 'fold_groups_param_full', 'USI', 'fold_shuffle_param', 'pycaret_globals', 'iterative_imputation_iters_param', 'exp_name_log', 'fix_imbalance_method_param', '_ml_usecase', '_internal_pipeline', 'create_model_container', 'experiment__', 'gpu_param', 'fold_param', 'fold_groups_param', 'imputation_regressor'}
2021-11-19 19:51:07,261:INFO:Preparing display monitor
2021-11-19 19:51:07,261:INFO:Importing libraries
2021-11-19 19:51:07,261:INFO:Copying data for preprocessing
2021-11-19 19:51:07,261:INFO:Declaring preprocessing parameters
2021-11-19 19:51:07,263:INFO:Creating preprocessing pipeline
2021-11-19 19:51:07,268:INFO:Preprocessing pipeline created successfully
2021-11-19 19:51:07,268:ERROR:(Process Exit): setup has been interupted with user command 'quit'. setup must rerun.
2021-11-19 19:51:07,268:INFO:Creating global containers
2021-11-19 19:51:07,269:INFO:Internal pipeline: Pipeline(memory=None, steps=[('empty_step', 'passthrough')], verbose=False)
2021-11-19 19:51:07,333:INFO:Creating grid variables
2021-11-19 19:51:07,335:INFO:create_model_container: 0
2021-11-19 19:51:07,335:INFO:master_model_container: 0
2021-11-19 19:51:07,335:INFO:display_container: 1
2021-11-19 19:51:07,339:INFO:Pipeline(memory=None,
         steps=[('dtypes',
                 DataTypes_Auto_infer(categorical_features=[],
                                      display_types=False, features_todrop=[],
                                      id_columns=[], ml_usecase='regression',
                                      numerical_features=[],
                                      target='UNSUPERVISED_DUMMY_TARGET',
                                      time_features=[])),
                ('imputer',
                 Simple_Imputer(categorical_strategy='most frequent',
                                fill_value_categorical=None,
                                fill_value_numerical=Non...
                ('scaling', 'passthrough'), ('P_transform', 'passthrough'),
                ('binn', 'passthrough'), ('rem_outliers', 'passthrough'),
                ('cluster_all', 'passthrough'),
                ('dummy', Dummify(target='UNSUPERVISED_DUMMY_TARGET')),
                ('fix_perfect', 'passthrough'),
                ('clean_names', Clean_Colum_Names()),
                ('feature_select', 'passthrough'), ('fix_multi', 'passthrough'),
                ('dfs', 'passthrough'), ('pca', 'passthrough')],
         verbose=False)
2021-11-19 19:51:07,339:INFO:setup() succesfully completed......................................
2021-11-19 19:51:07,393:INFO:Initializing create_model()
2021-11-19 19:51:07,393:INFO:create_model(estimator=kmeans, num_clusters=4, fraction=0.05, ground_truth=None, round=4, fit_kwargs=None, verbose=False, system=True, add_to_model_list=True, raise_num_clusters=False, display=None, kwargs={})
2021-11-19 19:51:07,393:INFO:Checking exceptions
2021-11-19 19:51:07,393:INFO:Importing libraries
2021-11-19 19:51:07,393:INFO:Importing untrained model
2021-11-19 19:51:07,393:INFO:K-Means Clustering Imported succesfully
2021-11-19 19:51:07,394:INFO:Fitting Model
2021-11-19 19:51:07,437:INFO:KMeans(algorithm='auto', copy_x=True, init='k-means++', max_iter=300,
       n_clusters=4, n_init=10, n_jobs=-1, precompute_distances='deprecated',
       random_state=7895, tol=0.0001, verbose=0)
2021-11-19 19:51:07,437:INFO:create_models() succesfully completed......................................
2021-11-19 19:51:07,437:INFO:Uploading results into container
2021-11-19 19:51:07,439:INFO:Uploading model into container now
2021-11-19 19:51:07,439:INFO:create_model_container: 1
2021-11-19 19:51:07,439:INFO:master_model_container: 1
2021-11-19 19:51:07,439:INFO:display_container: 2
2021-11-19 19:51:07,439:INFO:KMeans(algorithm='auto', copy_x=True, init='k-means++', max_iter=300,
       n_clusters=4, n_init=10, n_jobs=-1, precompute_distances='deprecated',
       random_state=7895, tol=0.0001, verbose=0)
2021-11-19 19:51:07,439:INFO:create_model() succesfully completed......................................
2021-11-19 19:51:07,492:INFO:Initializing plot_model()
2021-11-19 19:51:07,493:INFO:plot_model(fold=None, use_train_data=False, verbose=True, is_in_evaluate=False, display=None, display_format=None, estimator=KMeans(algorithm='auto', copy_x=True, init='k-means++', max_iter=300,
       n_clusters=4, n_init=10, n_jobs=-1, precompute_distances='deprecated',
       random_state=7895, tol=0.0001, verbose=0), feature_name=None, fit_kwargs=None, groups=None, label=False, plot=elbow, save=True, scale=1, system=True)
2021-11-19 19:51:07,493:INFO:Checking exceptions
2021-11-19 19:51:07,493:INFO:Preparing display monitor
2021-11-19 19:51:07,496:INFO:Preloading libraries
2021-11-19 19:51:07,497:INFO:Copying training dataset
2021-11-19 19:51:07,497:INFO:Plot type: elbow
2021-11-19 19:51:07,632:INFO:Fitting Model
2021-11-19 19:51:08,258:INFO:Saving 'Elbow.png'
2021-11-19 19:51:08,459:INFO:Visual Rendered Successfully
2021-11-19 19:51:08,532:INFO:plot_model() succesfully completed......................................
2021-11-19 19:51:21,626:INFO:PyCaret Supervised Module
2021-11-19 19:51:21,626:INFO:ML Usecase: clustering
2021-11-19 19:51:21,626:INFO:version 2.3.4
2021-11-19 19:51:21,626:INFO:Initializing setup()
2021-11-19 19:51:21,626:INFO:setup(target=None, ml_usecase=clustering, available_plots={'cluster': 'Cluster PCA Plot (2d)', 'tsne': 'Cluster TSnE (3d)', 'elbow': 'Elbow', 'silhouette': 'Silhouette', 'distance': 'Distance', 'distribution': 'Distribution'}, train_size=0.7, test_data=None, preprocess=True, imputation_type=simple, iterative_imputation_iters=5, categorical_features=None, categorical_imputation=mode, categorical_iterative_imputer=lightgbm, ordinal_features=None, high_cardinality_features=None, high_cardinality_method=frequency, numeric_features=None, numeric_imputation=mean, numeric_iterative_imputer=lightgbm, date_features=None, ignore_features=None, normalize=False, normalize_method=zscore, transformation=False, transformation_method=yeo-johnson, handle_unknown_categorical=True, unknown_categorical_method=least_frequent, pca=False, pca_method=linear, pca_components=None, ignore_low_variance=False, combine_rare_levels=False, rare_level_threshold=0.1, bin_numeric_features=None, remove_outliers=False, outliers_threshold=0.05, remove_multicollinearity=False, multicollinearity_threshold=0.9, remove_perfect_collinearity=False, create_clusters=False, cluster_iter=20, polynomial_features=False, polynomial_degree=2, trigonometry_features=False, polynomial_threshold=0.1, group_features=None, group_names=None, feature_selection=False, feature_selection_threshold=0.8, feature_selection_method=classic, feature_interaction=False, feature_ratio=False, interaction_threshold=0.01, fix_imbalance=False, fix_imbalance_method=None, transform_target=False, transform_target_method=box-cox, data_split_shuffle=False, data_split_stratify=False, fold_strategy=kfold, fold=10, fold_shuffle=False, fold_groups=None, n_jobs=-1, use_gpu=False, custom_pipeline=None, html=True, session_id=None, log_experiment=False, experiment_name=None, log_plots=False, log_profile=False, log_data=False, silent=True, verbose=False, profile=False, profile_kwargs=None, display=None)
2021-11-19 19:51:21,626:INFO:Checking environment
2021-11-19 19:51:21,626:INFO:python_version: 3.8.3
2021-11-19 19:51:21,626:INFO:python_build: ('tags/v3.8.3:6f8c832', 'May 13 2020 22:37:02')
2021-11-19 19:51:21,626:INFO:machine: AMD64
2021-11-19 19:51:21,626:INFO:platform: Windows-10-10.0.22000-SP0
2021-11-19 19:51:21,627:WARNING:cannot find psutil installation. memory not traceable. Install psutil using pip to enable memory logging.
2021-11-19 19:51:21,627:INFO:Checking libraries
2021-11-19 19:51:21,627:INFO:pd==1.3.3
2021-11-19 19:51:21,627:INFO:numpy==1.19.5
2021-11-19 19:51:21,627:INFO:sklearn==0.23.2
2021-11-19 19:51:21,627:INFO:lightgbm==3.3.1
2021-11-19 19:51:21,627:WARNING:catboost not found
2021-11-19 19:51:21,628:WARNING:xgboost not found
2021-11-19 19:51:21,628:INFO:mlflow==1.21.0
2021-11-19 19:51:21,628:INFO:Checking Exceptions
2021-11-19 19:51:21,628:INFO:Declaring global variables
2021-11-19 19:51:21,628:INFO:USI: ad14
2021-11-19 19:51:21,628:INFO:pycaret_globals: {'_all_metrics', '_gpu_n_jobs_param', 'prep_pipe', 'n_jobs_param', '_all_models_internal', 'fix_imbalance_param', 'html_param', 'transform_target_method_param', 'target_param', 'data_before_preprocess', 'master_model_container', 'fold_generator', 'logging_param', 'stratify_param', 'log_plots_param', 'seed', '_all_models', 'X', '_available_plots', 'display_container', 'transform_target_param', 'imputation_classifier', 'fold_groups_param_full', 'USI', 'fold_shuffle_param', 'pycaret_globals', 'iterative_imputation_iters_param', 'exp_name_log', 'fix_imbalance_method_param', '_ml_usecase', '_internal_pipeline', 'create_model_container', 'experiment__', 'gpu_param', 'fold_param', 'fold_groups_param', 'imputation_regressor'}
2021-11-19 19:51:21,628:INFO:Preparing display monitor
2021-11-19 19:51:21,628:INFO:Importing libraries
2021-11-19 19:51:21,628:INFO:Copying data for preprocessing
2021-11-19 19:51:21,628:INFO:Declaring preprocessing parameters
2021-11-19 19:51:21,630:INFO:Creating preprocessing pipeline
2021-11-19 19:51:21,635:INFO:Preprocessing pipeline created successfully
2021-11-19 19:51:21,635:ERROR:(Process Exit): setup has been interupted with user command 'quit'. setup must rerun.
2021-11-19 19:51:21,635:INFO:Creating global containers
2021-11-19 19:51:21,635:INFO:Internal pipeline: Pipeline(memory=None, steps=[('empty_step', 'passthrough')], verbose=False)
2021-11-19 19:51:21,691:INFO:Creating grid variables
2021-11-19 19:51:21,693:INFO:create_model_container: 0
2021-11-19 19:51:21,693:INFO:master_model_container: 0
2021-11-19 19:51:21,693:INFO:display_container: 1
2021-11-19 19:51:21,696:INFO:Pipeline(memory=None,
         steps=[('dtypes',
                 DataTypes_Auto_infer(categorical_features=[],
                                      display_types=False, features_todrop=[],
                                      id_columns=['Number'],
                                      ml_usecase='regression',
                                      numerical_features=[],
                                      target='UNSUPERVISED_DUMMY_TARGET',
                                      time_features=[])),
                ('imputer',
                 Simple_Imputer(categorical_strategy='most frequent',
                                fill_value_categorical=None,
                                fill_value_numer...
                ('scaling', 'passthrough'), ('P_transform', 'passthrough'),
                ('binn', 'passthrough'), ('rem_outliers', 'passthrough'),
                ('cluster_all', 'passthrough'),
                ('dummy', Dummify(target='UNSUPERVISED_DUMMY_TARGET')),
                ('fix_perfect', 'passthrough'),
                ('clean_names', Clean_Colum_Names()),
                ('feature_select', 'passthrough'), ('fix_multi', 'passthrough'),
                ('dfs', 'passthrough'), ('pca', 'passthrough')],
         verbose=False)
2021-11-19 19:51:21,696:INFO:setup() succesfully completed......................................
2021-11-19 19:51:21,752:INFO:Initializing create_model()
2021-11-19 19:51:21,752:INFO:create_model(estimator=kmeans, num_clusters=4, fraction=0.05, ground_truth=None, round=4, fit_kwargs=None, verbose=False, system=True, add_to_model_list=True, raise_num_clusters=False, display=None, kwargs={})
2021-11-19 19:51:21,752:INFO:Checking exceptions
2021-11-19 19:51:21,752:INFO:Importing libraries
2021-11-19 19:51:21,753:INFO:Importing untrained model
2021-11-19 19:51:21,753:INFO:K-Means Clustering Imported succesfully
2021-11-19 19:51:21,753:INFO:Fitting Model
2021-11-19 19:51:21,823:INFO:KMeans(algorithm='auto', copy_x=True, init='k-means++', max_iter=300,
       n_clusters=4, n_init=10, n_jobs=-1, precompute_distances='deprecated',
       random_state=6710, tol=0.0001, verbose=0)
2021-11-19 19:51:21,823:INFO:create_models() succesfully completed......................................
2021-11-19 19:51:21,823:INFO:Uploading results into container
2021-11-19 19:51:21,825:INFO:Uploading model into container now
2021-11-19 19:51:21,825:INFO:create_model_container: 1
2021-11-19 19:51:21,825:INFO:master_model_container: 1
2021-11-19 19:51:21,825:INFO:display_container: 2
2021-11-19 19:51:21,825:INFO:KMeans(algorithm='auto', copy_x=True, init='k-means++', max_iter=300,
       n_clusters=4, n_init=10, n_jobs=-1, precompute_distances='deprecated',
       random_state=6710, tol=0.0001, verbose=0)
2021-11-19 19:51:21,825:INFO:create_model() succesfully completed......................................
2021-11-19 19:51:21,881:INFO:Initializing plot_model()
2021-11-19 19:51:21,881:INFO:plot_model(fold=None, use_train_data=False, verbose=True, is_in_evaluate=False, display=None, display_format=None, estimator=KMeans(algorithm='auto', copy_x=True, init='k-means++', max_iter=300,
       n_clusters=4, n_init=10, n_jobs=-1, precompute_distances='deprecated',
       random_state=6710, tol=0.0001, verbose=0), feature_name=None, fit_kwargs=None, groups=None, label=False, plot=elbow, save=True, scale=1, system=True)
2021-11-19 19:51:21,881:INFO:Checking exceptions
2021-11-19 19:51:21,881:INFO:Preparing display monitor
2021-11-19 19:51:21,885:INFO:Preloading libraries
2021-11-19 19:51:21,885:INFO:Copying training dataset
2021-11-19 19:51:21,885:INFO:Plot type: elbow
2021-11-19 19:51:21,959:INFO:Fitting Model
2021-11-19 19:51:22,713:INFO:Saving 'Elbow.png'
2021-11-19 19:51:22,863:INFO:Visual Rendered Successfully
2021-11-19 19:51:22,920:INFO:plot_model() succesfully completed......................................
2021-11-19 19:59:27,228:INFO:PyCaret Supervised Module
2021-11-19 19:59:27,228:INFO:ML Usecase: clustering
2021-11-19 19:59:27,228:INFO:version 2.3.4
2021-11-19 19:59:27,228:INFO:Initializing setup()
2021-11-19 19:59:27,228:INFO:setup(target=None, ml_usecase=clustering, available_plots={'cluster': 'Cluster PCA Plot (2d)', 'tsne': 'Cluster TSnE (3d)', 'elbow': 'Elbow', 'silhouette': 'Silhouette', 'distance': 'Distance', 'distribution': 'Distribution'}, train_size=0.7, test_data=None, preprocess=True, imputation_type=simple, iterative_imputation_iters=5, categorical_features=None, categorical_imputation=mode, categorical_iterative_imputer=lightgbm, ordinal_features=None, high_cardinality_features=None, high_cardinality_method=frequency, numeric_features=None, numeric_imputation=mean, numeric_iterative_imputer=lightgbm, date_features=None, ignore_features=None, normalize=True, normalize_method=zscore, transformation=False, transformation_method=yeo-johnson, handle_unknown_categorical=True, unknown_categorical_method=least_frequent, pca=False, pca_method=linear, pca_components=None, ignore_low_variance=False, combine_rare_levels=False, rare_level_threshold=0.1, bin_numeric_features=None, remove_outliers=False, outliers_threshold=0.05, remove_multicollinearity=False, multicollinearity_threshold=0.9, remove_perfect_collinearity=False, create_clusters=False, cluster_iter=20, polynomial_features=False, polynomial_degree=2, trigonometry_features=False, polynomial_threshold=0.1, group_features=None, group_names=None, feature_selection=False, feature_selection_threshold=0.8, feature_selection_method=classic, feature_interaction=False, feature_ratio=False, interaction_threshold=0.01, fix_imbalance=False, fix_imbalance_method=None, transform_target=False, transform_target_method=box-cox, data_split_shuffle=False, data_split_stratify=False, fold_strategy=kfold, fold=10, fold_shuffle=False, fold_groups=None, n_jobs=-1, use_gpu=False, custom_pipeline=None, html=True, session_id=None, log_experiment=False, experiment_name=None, log_plots=False, log_profile=False, log_data=False, silent=True, verbose=False, profile=False, profile_kwargs=None, display=None)
2021-11-19 19:59:27,228:INFO:Checking environment
2021-11-19 19:59:27,228:INFO:python_version: 3.8.3
2021-11-19 19:59:27,228:INFO:python_build: ('tags/v3.8.3:6f8c832', 'May 13 2020 22:37:02')
2021-11-19 19:59:27,228:INFO:machine: AMD64
2021-11-19 19:59:27,228:INFO:platform: Windows-10-10.0.22000-SP0
2021-11-19 19:59:27,228:WARNING:cannot find psutil installation. memory not traceable. Install psutil using pip to enable memory logging.
2021-11-19 19:59:27,228:INFO:Checking libraries
2021-11-19 19:59:27,228:INFO:pd==1.3.3
2021-11-19 19:59:27,228:INFO:numpy==1.19.5
2021-11-19 19:59:27,228:INFO:sklearn==0.23.2
2021-11-19 19:59:27,228:INFO:lightgbm==3.3.1
2021-11-19 19:59:27,228:WARNING:catboost not found
2021-11-19 19:59:27,228:WARNING:xgboost not found
2021-11-19 19:59:27,636:INFO:mlflow==1.21.0
2021-11-19 19:59:27,636:INFO:Checking Exceptions
2021-11-19 19:59:27,636:INFO:Declaring global variables
2021-11-19 19:59:27,636:INFO:USI: 0fd7
2021-11-19 19:59:27,636:INFO:pycaret_globals: {'html_param', 'fold_param', '_gpu_n_jobs_param', 'experiment__', 'data_before_preprocess', 'imputation_regressor', 'target_param', 'fold_groups_param_full', 'log_plots_param', 'n_jobs_param', 'logging_param', 'fix_imbalance_method_param', 'display_container', 'create_model_container', 'gpu_param', 'transform_target_param', 'imputation_classifier', 'pycaret_globals', 'iterative_imputation_iters_param', '_all_models_internal', 'seed', 'X', 'stratify_param', 'USI', 'prep_pipe', 'transform_target_method_param', '_all_models', 'fold_shuffle_param', 'fold_groups_param', 'master_model_container', '_all_metrics', 'fold_generator', 'fix_imbalance_param', '_ml_usecase', '_internal_pipeline', 'exp_name_log', '_available_plots'}
2021-11-19 19:59:27,636:INFO:Preparing display monitor
2021-11-19 19:59:27,636:INFO:Importing libraries
2021-11-19 19:59:27,636:INFO:Copying data for preprocessing
2021-11-19 19:59:27,636:INFO:Declaring preprocessing parameters
2021-11-19 19:59:27,636:INFO:Creating preprocessing pipeline
2021-11-19 19:59:27,652:INFO:Preprocessing pipeline created successfully
2021-11-19 19:59:27,652:ERROR:(Process Exit): setup has been interupted with user command 'quit'. setup must rerun.
2021-11-19 19:59:27,652:INFO:Creating global containers
2021-11-19 19:59:27,652:INFO:Internal pipeline: Pipeline(memory=None, steps=[('empty_step', 'passthrough')], verbose=False)
2021-11-19 19:59:27,746:INFO:Creating grid variables
2021-11-19 19:59:27,746:INFO:create_model_container: 0
2021-11-19 19:59:27,746:INFO:master_model_container: 0
2021-11-19 19:59:27,746:INFO:display_container: 1
2021-11-19 19:59:27,746:INFO:Pipeline(memory=None,
         steps=[('dtypes',
                 DataTypes_Auto_infer(categorical_features=[],
                                      display_types=False, features_todrop=[],
                                      id_columns=[], ml_usecase='regression',
                                      numerical_features=[],
                                      target='UNSUPERVISED_DUMMY_TARGET',
                                      time_features=[])),
                ('imputer',
                 Simple_Imputer(categorical_strategy='most frequent',
                                fill_value_categorical=None,
                                fill_value_numerical=Non...
                ('P_transform', 'passthrough'), ('binn', 'passthrough'),
                ('rem_outliers', 'passthrough'), ('cluster_all', 'passthrough'),
                ('dummy', Dummify(target='UNSUPERVISED_DUMMY_TARGET')),
                ('fix_perfect', 'passthrough'),
                ('clean_names', Clean_Colum_Names()),
                ('feature_select', 'passthrough'), ('fix_multi', 'passthrough'),
                ('dfs', 'passthrough'), ('pca', 'passthrough')],
         verbose=False)
2021-11-19 19:59:27,746:INFO:setup() succesfully completed......................................
2021-11-19 19:59:27,793:INFO:Initializing create_model()
2021-11-19 19:59:27,793:INFO:create_model(estimator=kmeans, num_clusters=4, fraction=0.05, ground_truth=None, round=4, fit_kwargs=None, verbose=False, system=True, add_to_model_list=True, raise_num_clusters=False, display=None, kwargs={})
2021-11-19 19:59:27,793:INFO:Checking exceptions
2021-11-19 19:59:27,793:INFO:Importing libraries
2021-11-19 19:59:27,793:INFO:Importing untrained model
2021-11-19 19:59:27,793:INFO:K-Means Clustering Imported succesfully
2021-11-19 19:59:27,793:INFO:Fitting Model
2021-11-19 19:59:29,394:INFO:KMeans(algorithm='auto', copy_x=True, init='k-means++', max_iter=300,
       n_clusters=4, n_init=10, n_jobs=-1, precompute_distances='deprecated',
       random_state=8787, tol=0.0001, verbose=0)
2021-11-19 19:59:29,394:INFO:create_models() succesfully completed......................................
2021-11-19 19:59:29,394:INFO:Uploading results into container
2021-11-19 19:59:29,394:INFO:Uploading model into container now
2021-11-19 19:59:29,394:INFO:create_model_container: 1
2021-11-19 19:59:29,394:INFO:master_model_container: 1
2021-11-19 19:59:29,394:INFO:display_container: 2
2021-11-19 19:59:29,394:INFO:KMeans(algorithm='auto', copy_x=True, init='k-means++', max_iter=300,
       n_clusters=4, n_init=10, n_jobs=-1, precompute_distances='deprecated',
       random_state=8787, tol=0.0001, verbose=0)
2021-11-19 19:59:29,394:INFO:create_model() succesfully completed......................................
2021-11-19 19:59:29,441:INFO:Initializing plot_model()
2021-11-19 19:59:29,441:INFO:plot_model(fold=None, use_train_data=False, verbose=True, is_in_evaluate=False, display=None, display_format=None, estimator=KMeans(algorithm='auto', copy_x=True, init='k-means++', max_iter=300,
       n_clusters=4, n_init=10, n_jobs=-1, precompute_distances='deprecated',
       random_state=8787, tol=0.0001, verbose=0), feature_name=None, fit_kwargs=None, groups=None, label=False, plot=elbow, save=True, scale=1, system=True)
2021-11-19 19:59:29,441:INFO:Checking exceptions
2021-11-19 19:59:29,441:INFO:Preparing display monitor
2021-11-19 19:59:29,456:INFO:Preloading libraries
2021-11-19 19:59:29,456:INFO:Copying training dataset
2021-11-19 19:59:29,456:INFO:Plot type: elbow
2021-11-19 19:59:29,594:INFO:Fitting Model
2021-11-19 19:59:44,081:INFO:Saving 'Elbow.png'
2021-11-19 19:59:44,334:INFO:Visual Rendered Successfully
2021-11-19 19:59:44,412:INFO:plot_model() succesfully completed......................................
2021-11-19 19:59:53,272:INFO:PyCaret Supervised Module
2021-11-19 19:59:53,272:INFO:ML Usecase: clustering
2021-11-19 19:59:53,272:INFO:version 2.3.4
2021-11-19 19:59:53,272:INFO:Initializing setup()
2021-11-19 19:59:53,272:INFO:setup(target=None, ml_usecase=clustering, available_plots={'cluster': 'Cluster PCA Plot (2d)', 'tsne': 'Cluster TSnE (3d)', 'elbow': 'Elbow', 'silhouette': 'Silhouette', 'distance': 'Distance', 'distribution': 'Distribution'}, train_size=0.7, test_data=None, preprocess=True, imputation_type=simple, iterative_imputation_iters=5, categorical_features=None, categorical_imputation=mode, categorical_iterative_imputer=lightgbm, ordinal_features=None, high_cardinality_features=None, high_cardinality_method=frequency, numeric_features=None, numeric_imputation=mean, numeric_iterative_imputer=lightgbm, date_features=None, ignore_features=None, normalize=False, normalize_method=zscore, transformation=False, transformation_method=yeo-johnson, handle_unknown_categorical=True, unknown_categorical_method=least_frequent, pca=True, pca_method=linear, pca_components=None, ignore_low_variance=False, combine_rare_levels=False, rare_level_threshold=0.1, bin_numeric_features=None, remove_outliers=False, outliers_threshold=0.05, remove_multicollinearity=False, multicollinearity_threshold=0.9, remove_perfect_collinearity=False, create_clusters=False, cluster_iter=20, polynomial_features=False, polynomial_degree=2, trigonometry_features=False, polynomial_threshold=0.1, group_features=None, group_names=None, feature_selection=False, feature_selection_threshold=0.8, feature_selection_method=classic, feature_interaction=False, feature_ratio=False, interaction_threshold=0.01, fix_imbalance=False, fix_imbalance_method=None, transform_target=False, transform_target_method=box-cox, data_split_shuffle=False, data_split_stratify=False, fold_strategy=kfold, fold=10, fold_shuffle=False, fold_groups=None, n_jobs=-1, use_gpu=False, custom_pipeline=None, html=True, session_id=None, log_experiment=False, experiment_name=None, log_plots=False, log_profile=False, log_data=False, silent=True, verbose=False, profile=False, profile_kwargs=None, display=None)
2021-11-19 19:59:53,272:INFO:Checking environment
2021-11-19 19:59:53,272:INFO:python_version: 3.8.3
2021-11-19 19:59:53,272:INFO:python_build: ('tags/v3.8.3:6f8c832', 'May 13 2020 22:37:02')
2021-11-19 19:59:53,272:INFO:machine: AMD64
2021-11-19 19:59:53,272:INFO:platform: Windows-10-10.0.22000-SP0
2021-11-19 19:59:53,272:WARNING:cannot find psutil installation. memory not traceable. Install psutil using pip to enable memory logging.
2021-11-19 19:59:53,272:INFO:Checking libraries
2021-11-19 19:59:53,272:INFO:pd==1.3.3
2021-11-19 19:59:53,272:INFO:numpy==1.19.5
2021-11-19 19:59:53,272:INFO:sklearn==0.23.2
2021-11-19 19:59:53,272:INFO:lightgbm==3.3.1
2021-11-19 19:59:53,272:WARNING:catboost not found
2021-11-19 19:59:53,272:WARNING:xgboost not found
2021-11-19 19:59:53,272:INFO:mlflow==1.21.0
2021-11-19 19:59:53,272:INFO:Checking Exceptions
2021-11-19 19:59:53,272:INFO:Declaring global variables
2021-11-19 19:59:53,272:INFO:USI: 0c88
2021-11-19 19:59:53,272:INFO:pycaret_globals: {'html_param', 'fold_param', '_gpu_n_jobs_param', 'experiment__', 'data_before_preprocess', 'imputation_regressor', 'target_param', 'fold_groups_param_full', 'log_plots_param', 'n_jobs_param', 'logging_param', 'fix_imbalance_method_param', 'display_container', 'create_model_container', 'gpu_param', 'transform_target_param', 'imputation_classifier', 'pycaret_globals', 'iterative_imputation_iters_param', '_all_models_internal', 'seed', 'X', 'stratify_param', 'USI', 'prep_pipe', 'transform_target_method_param', '_all_models', 'fold_shuffle_param', 'fold_groups_param', 'master_model_container', '_all_metrics', 'fold_generator', 'fix_imbalance_param', '_ml_usecase', '_internal_pipeline', 'exp_name_log', '_available_plots'}
2021-11-19 19:59:53,272:INFO:Preparing display monitor
2021-11-19 19:59:53,272:INFO:Importing libraries
2021-11-19 19:59:53,272:INFO:Copying data for preprocessing
2021-11-19 19:59:53,272:INFO:Declaring preprocessing parameters
2021-11-19 19:59:53,272:INFO:Creating preprocessing pipeline
2021-11-19 19:59:53,272:INFO:Preprocessing pipeline created successfully
2021-11-19 19:59:53,272:ERROR:(Process Exit): setup has been interupted with user command 'quit'. setup must rerun.
2021-11-19 19:59:53,272:INFO:Creating global containers
2021-11-19 19:59:53,272:INFO:Internal pipeline: Pipeline(memory=None, steps=[('empty_step', 'passthrough')], verbose=False)
2021-11-19 19:59:55,234:INFO:Creating grid variables
2021-11-19 19:59:55,234:INFO:create_model_container: 0
2021-11-19 19:59:55,234:INFO:master_model_container: 0
2021-11-19 19:59:55,234:INFO:display_container: 1
2021-11-19 19:59:55,250:INFO:Pipeline(memory=None,
         steps=[('dtypes',
                 DataTypes_Auto_infer(categorical_features=[],
                                      display_types=False, features_todrop=[],
                                      id_columns=[], ml_usecase='regression',
                                      numerical_features=[],
                                      target='UNSUPERVISED_DUMMY_TARGET',
                                      time_features=[])),
                ('imputer',
                 Simple_Imputer(categorical_strategy='most frequent',
                                fill_value_categorical=None,
                                fill_value_numerical=Non...
                ('dummy', Dummify(target='UNSUPERVISED_DUMMY_TARGET')),
                ('fix_perfect', 'passthrough'),
                ('clean_names', Clean_Colum_Names()),
                ('feature_select', 'passthrough'), ('fix_multi', 'passthrough'),
                ('dfs', 'passthrough'),
                ('pca',
                 Reduce_Dimensions_For_Supervised_Path(method='pca_liner',
                                                       random_state=5201,
                                                       target='UNSUPERVISED_DUMMY_TARGET',
                                                       variance_retained_or_number_of_components=None))],
         verbose=False)
2021-11-19 19:59:55,250:INFO:setup() succesfully completed......................................
2021-11-19 19:59:55,297:INFO:Initializing create_model()
2021-11-19 19:59:55,297:INFO:create_model(estimator=kmeans, num_clusters=4, fraction=0.05, ground_truth=None, round=4, fit_kwargs=None, verbose=False, system=True, add_to_model_list=True, raise_num_clusters=False, display=None, kwargs={})
2021-11-19 19:59:55,297:INFO:Checking exceptions
2021-11-19 19:59:55,297:INFO:Importing libraries
2021-11-19 19:59:55,297:INFO:Importing untrained model
2021-11-19 19:59:55,297:INFO:K-Means Clustering Imported succesfully
2021-11-19 19:59:55,297:INFO:Fitting Model
2021-11-19 19:59:55,470:INFO:KMeans(algorithm='auto', copy_x=True, init='k-means++', max_iter=300,
       n_clusters=4, n_init=10, n_jobs=-1, precompute_distances='deprecated',
       random_state=5201, tol=0.0001, verbose=0)
2021-11-19 19:59:55,470:INFO:create_models() succesfully completed......................................
2021-11-19 19:59:55,470:INFO:Uploading results into container
2021-11-19 19:59:55,470:INFO:Uploading model into container now
2021-11-19 19:59:55,470:INFO:create_model_container: 1
2021-11-19 19:59:55,470:INFO:master_model_container: 1
2021-11-19 19:59:55,470:INFO:display_container: 2
2021-11-19 19:59:55,470:INFO:KMeans(algorithm='auto', copy_x=True, init='k-means++', max_iter=300,
       n_clusters=4, n_init=10, n_jobs=-1, precompute_distances='deprecated',
       random_state=5201, tol=0.0001, verbose=0)
2021-11-19 19:59:55,470:INFO:create_model() succesfully completed......................................
2021-11-19 19:59:55,532:INFO:Initializing plot_model()
2021-11-19 19:59:55,532:INFO:plot_model(fold=None, use_train_data=False, verbose=True, is_in_evaluate=False, display=None, display_format=None, estimator=KMeans(algorithm='auto', copy_x=True, init='k-means++', max_iter=300,
       n_clusters=4, n_init=10, n_jobs=-1, precompute_distances='deprecated',
       random_state=5201, tol=0.0001, verbose=0), feature_name=None, fit_kwargs=None, groups=None, label=False, plot=elbow, save=True, scale=1, system=True)
2021-11-19 19:59:55,532:INFO:Checking exceptions
2021-11-19 19:59:55,532:INFO:Preparing display monitor
2021-11-19 19:59:55,532:INFO:Preloading libraries
2021-11-19 19:59:55,532:INFO:Copying training dataset
2021-11-19 19:59:55,532:INFO:Plot type: elbow
2021-11-19 19:59:55,611:INFO:Fitting Model
2021-11-19 19:59:56,741:INFO:Saving 'Elbow.png'
2021-11-19 19:59:56,961:INFO:Visual Rendered Successfully
2021-11-19 19:59:57,039:INFO:plot_model() succesfully completed......................................
2021-11-19 20:00:06,149:INFO:PyCaret Supervised Module
2021-11-19 20:00:06,149:INFO:ML Usecase: clustering
2021-11-19 20:00:06,149:INFO:version 2.3.4
2021-11-19 20:00:06,149:INFO:Initializing setup()
2021-11-19 20:00:06,149:INFO:setup(target=None, ml_usecase=clustering, available_plots={'cluster': 'Cluster PCA Plot (2d)', 'tsne': 'Cluster TSnE (3d)', 'elbow': 'Elbow', 'silhouette': 'Silhouette', 'distance': 'Distance', 'distribution': 'Distribution'}, train_size=0.7, test_data=None, preprocess=True, imputation_type=simple, iterative_imputation_iters=5, categorical_features=None, categorical_imputation=mode, categorical_iterative_imputer=lightgbm, ordinal_features=None, high_cardinality_features=None, high_cardinality_method=frequency, numeric_features=None, numeric_imputation=mean, numeric_iterative_imputer=lightgbm, date_features=None, ignore_features=None, normalize=False, normalize_method=zscore, transformation=True, transformation_method=yeo-johnson, handle_unknown_categorical=True, unknown_categorical_method=least_frequent, pca=True, pca_method=linear, pca_components=None, ignore_low_variance=False, combine_rare_levels=False, rare_level_threshold=0.1, bin_numeric_features=None, remove_outliers=False, outliers_threshold=0.05, remove_multicollinearity=False, multicollinearity_threshold=0.9, remove_perfect_collinearity=False, create_clusters=False, cluster_iter=20, polynomial_features=False, polynomial_degree=2, trigonometry_features=False, polynomial_threshold=0.1, group_features=None, group_names=None, feature_selection=False, feature_selection_threshold=0.8, feature_selection_method=classic, feature_interaction=False, feature_ratio=False, interaction_threshold=0.01, fix_imbalance=False, fix_imbalance_method=None, transform_target=False, transform_target_method=box-cox, data_split_shuffle=False, data_split_stratify=False, fold_strategy=kfold, fold=10, fold_shuffle=False, fold_groups=None, n_jobs=-1, use_gpu=False, custom_pipeline=None, html=True, session_id=None, log_experiment=False, experiment_name=None, log_plots=False, log_profile=False, log_data=False, silent=True, verbose=False, profile=False, profile_kwargs=None, display=None)
2021-11-19 20:00:06,149:INFO:Checking environment
2021-11-19 20:00:06,149:INFO:python_version: 3.8.3
2021-11-19 20:00:06,149:INFO:python_build: ('tags/v3.8.3:6f8c832', 'May 13 2020 22:37:02')
2021-11-19 20:00:06,149:INFO:machine: AMD64
2021-11-19 20:00:06,149:INFO:platform: Windows-10-10.0.22000-SP0
2021-11-19 20:00:06,149:WARNING:cannot find psutil installation. memory not traceable. Install psutil using pip to enable memory logging.
2021-11-19 20:00:06,149:INFO:Checking libraries
2021-11-19 20:00:06,149:INFO:pd==1.3.3
2021-11-19 20:00:06,165:INFO:numpy==1.19.5
2021-11-19 20:00:06,165:INFO:sklearn==0.23.2
2021-11-19 20:00:06,165:INFO:lightgbm==3.3.1
2021-11-19 20:00:06,165:WARNING:catboost not found
2021-11-19 20:00:06,165:WARNING:xgboost not found
2021-11-19 20:00:06,165:INFO:mlflow==1.21.0
2021-11-19 20:00:06,165:INFO:Checking Exceptions
2021-11-19 20:00:06,165:INFO:Declaring global variables
2021-11-19 20:00:06,165:INFO:USI: 06a4
2021-11-19 20:00:06,165:INFO:pycaret_globals: {'html_param', 'fold_param', '_gpu_n_jobs_param', 'experiment__', 'data_before_preprocess', 'imputation_regressor', 'target_param', 'fold_groups_param_full', 'log_plots_param', 'n_jobs_param', 'logging_param', 'fix_imbalance_method_param', 'display_container', 'create_model_container', 'gpu_param', 'transform_target_param', 'imputation_classifier', 'pycaret_globals', 'iterative_imputation_iters_param', '_all_models_internal', 'seed', 'X', 'stratify_param', 'USI', 'prep_pipe', 'transform_target_method_param', '_all_models', 'fold_shuffle_param', 'fold_groups_param', 'master_model_container', '_all_metrics', 'fold_generator', 'fix_imbalance_param', '_ml_usecase', '_internal_pipeline', 'exp_name_log', '_available_plots'}
2021-11-19 20:00:06,165:INFO:Preparing display monitor
2021-11-19 20:00:06,165:INFO:Importing libraries
2021-11-19 20:00:06,165:INFO:Copying data for preprocessing
2021-11-19 20:00:06,165:INFO:Declaring preprocessing parameters
2021-11-19 20:00:06,165:INFO:Creating preprocessing pipeline
2021-11-19 20:00:06,165:INFO:Preprocessing pipeline created successfully
2021-11-19 20:00:06,165:ERROR:(Process Exit): setup has been interupted with user command 'quit'. setup must rerun.
2021-11-19 20:00:06,165:INFO:Creating global containers
2021-11-19 20:00:06,165:INFO:Internal pipeline: Pipeline(memory=None, steps=[('empty_step', 'passthrough')], verbose=False)
2021-11-19 20:00:07,687:INFO:Creating grid variables
2021-11-19 20:00:07,687:INFO:create_model_container: 0
2021-11-19 20:00:07,687:INFO:master_model_container: 0
2021-11-19 20:00:07,687:INFO:display_container: 1
2021-11-19 20:00:07,687:INFO:Pipeline(memory=None,
         steps=[('dtypes',
                 DataTypes_Auto_infer(categorical_features=[],
                                      display_types=False, features_todrop=[],
                                      id_columns=[], ml_usecase='regression',
                                      numerical_features=[],
                                      target='UNSUPERVISED_DUMMY_TARGET',
                                      time_features=[])),
                ('imputer',
                 Simple_Imputer(categorical_strategy='most frequent',
                                fill_value_categorical=None,
                                fill_value_numerical=Non...
                ('dummy', Dummify(target='UNSUPERVISED_DUMMY_TARGET')),
                ('fix_perfect', 'passthrough'),
                ('clean_names', Clean_Colum_Names()),
                ('feature_select', 'passthrough'), ('fix_multi', 'passthrough'),
                ('dfs', 'passthrough'),
                ('pca',
                 Reduce_Dimensions_For_Supervised_Path(method='pca_liner',
                                                       random_state=2370,
                                                       target='UNSUPERVISED_DUMMY_TARGET',
                                                       variance_retained_or_number_of_components=None))],
         verbose=False)
2021-11-19 20:00:07,687:INFO:setup() succesfully completed......................................
2021-11-19 20:00:07,749:INFO:Initializing create_model()
2021-11-19 20:00:07,749:INFO:create_model(estimator=kmeans, num_clusters=4, fraction=0.05, ground_truth=None, round=4, fit_kwargs=None, verbose=False, system=True, add_to_model_list=True, raise_num_clusters=False, display=None, kwargs={})
2021-11-19 20:00:07,749:INFO:Checking exceptions
2021-11-19 20:00:07,749:INFO:Importing libraries
2021-11-19 20:00:07,749:INFO:Importing untrained model
2021-11-19 20:00:07,749:INFO:K-Means Clustering Imported succesfully
2021-11-19 20:00:07,749:INFO:Fitting Model
2021-11-19 20:00:08,471:INFO:KMeans(algorithm='auto', copy_x=True, init='k-means++', max_iter=300,
       n_clusters=4, n_init=10, n_jobs=-1, precompute_distances='deprecated',
       random_state=2370, tol=0.0001, verbose=0)
2021-11-19 20:00:08,471:INFO:create_models() succesfully completed......................................
2021-11-19 20:00:08,471:INFO:Uploading results into container
2021-11-19 20:00:08,471:INFO:Uploading model into container now
2021-11-19 20:00:08,471:INFO:create_model_container: 1
2021-11-19 20:00:08,471:INFO:master_model_container: 1
2021-11-19 20:00:08,471:INFO:display_container: 2
2021-11-19 20:00:08,471:INFO:KMeans(algorithm='auto', copy_x=True, init='k-means++', max_iter=300,
       n_clusters=4, n_init=10, n_jobs=-1, precompute_distances='deprecated',
       random_state=2370, tol=0.0001, verbose=0)
2021-11-19 20:00:08,471:INFO:create_model() succesfully completed......................................
2021-11-19 20:00:08,518:INFO:Initializing plot_model()
2021-11-19 20:00:08,518:INFO:plot_model(fold=None, use_train_data=False, verbose=True, is_in_evaluate=False, display=None, display_format=None, estimator=KMeans(algorithm='auto', copy_x=True, init='k-means++', max_iter=300,
       n_clusters=4, n_init=10, n_jobs=-1, precompute_distances='deprecated',
       random_state=2370, tol=0.0001, verbose=0), feature_name=None, fit_kwargs=None, groups=None, label=False, plot=elbow, save=True, scale=1, system=True)
2021-11-19 20:00:08,518:INFO:Checking exceptions
2021-11-19 20:00:08,518:INFO:Preparing display monitor
2021-11-19 20:00:08,534:INFO:Preloading libraries
2021-11-19 20:00:08,534:INFO:Copying training dataset
2021-11-19 20:00:08,534:INFO:Plot type: elbow
2021-11-19 20:00:08,597:INFO:Fitting Model
2021-11-19 20:00:17,557:INFO:Saving 'Elbow.png'
2021-11-19 20:00:17,777:INFO:Visual Rendered Successfully
2021-11-19 20:00:17,855:INFO:plot_model() succesfully completed......................................
2021-11-19 20:00:28,494:INFO:PyCaret Supervised Module
2021-11-19 20:00:28,494:INFO:ML Usecase: clustering
2021-11-19 20:00:28,494:INFO:version 2.3.4
2021-11-19 20:00:28,494:INFO:Initializing setup()
2021-11-19 20:00:28,494:INFO:setup(target=None, ml_usecase=clustering, available_plots={'cluster': 'Cluster PCA Plot (2d)', 'tsne': 'Cluster TSnE (3d)', 'elbow': 'Elbow', 'silhouette': 'Silhouette', 'distance': 'Distance', 'distribution': 'Distribution'}, train_size=0.7, test_data=None, preprocess=True, imputation_type=simple, iterative_imputation_iters=5, categorical_features=None, categorical_imputation=mode, categorical_iterative_imputer=lightgbm, ordinal_features=None, high_cardinality_features=None, high_cardinality_method=frequency, numeric_features=None, numeric_imputation=mean, numeric_iterative_imputer=lightgbm, date_features=None, ignore_features=None, normalize=True, normalize_method=zscore, transformation=True, transformation_method=yeo-johnson, handle_unknown_categorical=True, unknown_categorical_method=least_frequent, pca=True, pca_method=linear, pca_components=None, ignore_low_variance=False, combine_rare_levels=False, rare_level_threshold=0.1, bin_numeric_features=None, remove_outliers=False, outliers_threshold=0.05, remove_multicollinearity=False, multicollinearity_threshold=0.9, remove_perfect_collinearity=False, create_clusters=False, cluster_iter=20, polynomial_features=False, polynomial_degree=2, trigonometry_features=False, polynomial_threshold=0.1, group_features=None, group_names=None, feature_selection=False, feature_selection_threshold=0.8, feature_selection_method=classic, feature_interaction=False, feature_ratio=False, interaction_threshold=0.01, fix_imbalance=False, fix_imbalance_method=None, transform_target=False, transform_target_method=box-cox, data_split_shuffle=False, data_split_stratify=False, fold_strategy=kfold, fold=10, fold_shuffle=False, fold_groups=None, n_jobs=-1, use_gpu=False, custom_pipeline=None, html=True, session_id=None, log_experiment=False, experiment_name=None, log_plots=False, log_profile=False, log_data=False, silent=True, verbose=False, profile=False, profile_kwargs=None, display=None)
2021-11-19 20:00:28,494:INFO:Checking environment
2021-11-19 20:00:28,494:INFO:python_version: 3.8.3
2021-11-19 20:00:28,494:INFO:python_build: ('tags/v3.8.3:6f8c832', 'May 13 2020 22:37:02')
2021-11-19 20:00:28,494:INFO:machine: AMD64
2021-11-19 20:00:28,494:INFO:platform: Windows-10-10.0.22000-SP0
2021-11-19 20:00:28,494:WARNING:cannot find psutil installation. memory not traceable. Install psutil using pip to enable memory logging.
2021-11-19 20:00:28,494:INFO:Checking libraries
2021-11-19 20:00:28,494:INFO:pd==1.3.3
2021-11-19 20:00:28,494:INFO:numpy==1.19.5
2021-11-19 20:00:28,494:INFO:sklearn==0.23.2
2021-11-19 20:00:28,494:INFO:lightgbm==3.3.1
2021-11-19 20:00:28,494:WARNING:catboost not found
2021-11-19 20:00:28,494:WARNING:xgboost not found
2021-11-19 20:00:28,494:INFO:mlflow==1.21.0
2021-11-19 20:00:28,494:INFO:Checking Exceptions
2021-11-19 20:00:28,494:INFO:Declaring global variables
2021-11-19 20:00:28,494:INFO:USI: d01c
2021-11-19 20:00:28,494:INFO:pycaret_globals: {'html_param', 'fold_param', '_gpu_n_jobs_param', 'experiment__', 'data_before_preprocess', 'imputation_regressor', 'target_param', 'fold_groups_param_full', 'log_plots_param', 'n_jobs_param', 'logging_param', 'fix_imbalance_method_param', 'display_container', 'create_model_container', 'gpu_param', 'transform_target_param', 'imputation_classifier', 'pycaret_globals', 'iterative_imputation_iters_param', '_all_models_internal', 'seed', 'X', 'stratify_param', 'USI', 'prep_pipe', 'transform_target_method_param', '_all_models', 'fold_shuffle_param', 'fold_groups_param', 'master_model_container', '_all_metrics', 'fold_generator', 'fix_imbalance_param', '_ml_usecase', '_internal_pipeline', 'exp_name_log', '_available_plots'}
2021-11-19 20:00:28,494:INFO:Preparing display monitor
2021-11-19 20:00:28,494:INFO:Importing libraries
2021-11-19 20:00:28,494:INFO:Copying data for preprocessing
2021-11-19 20:00:28,494:INFO:Declaring preprocessing parameters
2021-11-19 20:00:28,494:INFO:Creating preprocessing pipeline
2021-11-19 20:00:28,509:INFO:Preprocessing pipeline created successfully
2021-11-19 20:00:28,509:ERROR:(Process Exit): setup has been interupted with user command 'quit'. setup must rerun.
2021-11-19 20:00:28,509:INFO:Creating global containers
2021-11-19 20:00:28,509:INFO:Internal pipeline: Pipeline(memory=None, steps=[('empty_step', 'passthrough')], verbose=False)
2021-11-19 20:00:30,362:INFO:Creating grid variables
2021-11-19 20:00:30,362:INFO:create_model_container: 0
2021-11-19 20:00:30,362:INFO:master_model_container: 0
2021-11-19 20:00:30,362:INFO:display_container: 1
2021-11-19 20:00:30,378:INFO:Pipeline(memory=None,
         steps=[('dtypes',
                 DataTypes_Auto_infer(categorical_features=[],
                                      display_types=False, features_todrop=[],
                                      id_columns=[], ml_usecase='regression',
                                      numerical_features=[],
                                      target='UNSUPERVISED_DUMMY_TARGET',
                                      time_features=[])),
                ('imputer',
                 Simple_Imputer(categorical_strategy='most frequent',
                                fill_value_categorical=None,
                                fill_value_numerical=Non...
                ('dummy', Dummify(target='UNSUPERVISED_DUMMY_TARGET')),
                ('fix_perfect', 'passthrough'),
                ('clean_names', Clean_Colum_Names()),
                ('feature_select', 'passthrough'), ('fix_multi', 'passthrough'),
                ('dfs', 'passthrough'),
                ('pca',
                 Reduce_Dimensions_For_Supervised_Path(method='pca_liner',
                                                       random_state=4264,
                                                       target='UNSUPERVISED_DUMMY_TARGET',
                                                       variance_retained_or_number_of_components=None))],
         verbose=False)
2021-11-19 20:00:30,378:INFO:setup() succesfully completed......................................
2021-11-19 20:00:30,457:INFO:Initializing create_model()
2021-11-19 20:00:30,457:INFO:create_model(estimator=kmeans, num_clusters=4, fraction=0.05, ground_truth=None, round=4, fit_kwargs=None, verbose=False, system=True, add_to_model_list=True, raise_num_clusters=False, display=None, kwargs={})
2021-11-19 20:00:30,457:INFO:Checking exceptions
2021-11-19 20:00:30,457:INFO:Importing libraries
2021-11-19 20:00:30,457:INFO:Importing untrained model
2021-11-19 20:00:30,457:INFO:K-Means Clustering Imported succesfully
2021-11-19 20:00:30,457:INFO:Fitting Model
2021-11-19 20:00:31,209:INFO:KMeans(algorithm='auto', copy_x=True, init='k-means++', max_iter=300,
       n_clusters=4, n_init=10, n_jobs=-1, precompute_distances='deprecated',
       random_state=4264, tol=0.0001, verbose=0)
2021-11-19 20:00:31,209:INFO:create_models() succesfully completed......................................
2021-11-19 20:00:31,209:INFO:Uploading results into container
2021-11-19 20:00:31,209:INFO:Uploading model into container now
2021-11-19 20:00:31,209:INFO:create_model_container: 1
2021-11-19 20:00:31,209:INFO:master_model_container: 1
2021-11-19 20:00:31,209:INFO:display_container: 2
2021-11-19 20:00:31,209:INFO:KMeans(algorithm='auto', copy_x=True, init='k-means++', max_iter=300,
       n_clusters=4, n_init=10, n_jobs=-1, precompute_distances='deprecated',
       random_state=4264, tol=0.0001, verbose=0)
2021-11-19 20:00:31,209:INFO:create_model() succesfully completed......................................
2021-11-19 20:00:31,272:INFO:Initializing plot_model()
2021-11-19 20:00:31,272:INFO:plot_model(fold=None, use_train_data=False, verbose=True, is_in_evaluate=False, display=None, display_format=None, estimator=KMeans(algorithm='auto', copy_x=True, init='k-means++', max_iter=300,
       n_clusters=4, n_init=10, n_jobs=-1, precompute_distances='deprecated',
       random_state=4264, tol=0.0001, verbose=0), feature_name=None, fit_kwargs=None, groups=None, label=False, plot=elbow, save=True, scale=1, system=True)
2021-11-19 20:00:31,272:INFO:Checking exceptions
2021-11-19 20:00:31,272:INFO:Preparing display monitor
2021-11-19 20:00:31,272:INFO:Preloading libraries
2021-11-19 20:00:31,272:INFO:Copying training dataset
2021-11-19 20:00:31,272:INFO:Plot type: elbow
2021-11-19 20:00:31,351:INFO:Fitting Model
2021-11-19 20:00:40,139:INFO:Saving 'Elbow.png'
2021-11-19 20:00:40,343:INFO:Visual Rendered Successfully
2021-11-19 20:00:40,422:INFO:plot_model() succesfully completed......................................
